<?xml version="1.0" encoding="UTF-8"?>
<coverage generated="1755075270421" clover="3.2.0">
  <project timestamp="1755075270421" name="All files">
    <metrics statements="22" coveredstatements="16" conditionals="4" coveredconditionals="2" methods="6" coveredmethods="5" elements="32" coveredelements="23" complexity="0" loc="22" ncloc="22" packages="1" files="1" classes="1"/>
    <file name="apiCall.js" path="/home/denisovan/Documents/Work/WebDev/weather-website/src/modules/apiCall.js">
      <metrics statements="22" coveredstatements="16" conditionals="4" coveredconditionals="2" methods="6" coveredmethods="5"/>
      <line num="1" count="1" type="stmt"/>
      <line num="5" count="1" type="stmt"/>
      <line num="7" count="1" type="stmt"/>
      <line num="8" count="1" type="stmt"/>
      <line num="9" count="1" type="stmt"/>
      <line num="11" count="1" type="stmt"/>
      <line num="13" count="0" type="stmt"/>
      <line num="19" count="1" type="stmt"/>
      <line num="20" count="1" type="stmt"/>
      <line num="22" count="1" type="stmt"/>
      <line num="38" count="1" type="stmt"/>
      <line num="42" count="0" type="stmt"/>
      <line num="43" count="0" type="stmt"/>
      <line num="45" count="0" type="stmt"/>
      <line num="54" count="0" type="stmt"/>
      <line num="55" count="0" type="stmt"/>
      <line num="59" count="4" type="stmt"/>
      <line num="62" count="2" type="stmt"/>
      <line num="67" count="1" type="stmt"/>
      <line num="68" count="1" type="cond" truecount="1" falsecount="1"/>
      <line num="69" count="1" type="cond" truecount="1" falsecount="1"/>
      <line num="70" count="1" type="stmt"/>
    </file>
  </project>
</coverage>
