{"/home/denisovan/Documents/Work/WebDev/weather-website/src/modules/apiCall.js": {"path":"/home/denisovan/Documents/Work/WebDev/weather-website/src/modules/apiCall.js","statementMap":{"0":{"start":{"line":1,"column":21},"end":{"line":1,"column":37}},"1":{"start":{"line":5,"column":14},"end":{"line":5,"column":141}},"2":{"start":{"line":7,"column":2},"end":{"line":14,"column":3}},"3":{"start":{"line":8,"column":19},"end":{"line":8,"column":35}},"4":{"start":{"line":9,"column":17},"end":{"line":9,"column":36}},"5":{"start":{"line":11,"column":4},"end":{"line":11,"column":16}},"6":{"start":{"line":13,"column":4},"end":{"line":13,"column":66}},"7":{"start":{"line":19,"column":22},"end":{"line":19,"column":55}},"8":{"start":{"line":20,"column":18},"end":{"line":20,"column":47}},"9":{"start":{"line":22,"column":21},"end":{"line":36,"column":3}},"10":{"start":{"line":38,"column":2},"end":{"line":38,"column":20}},"11":{"start":{"line":42,"column":22},"end":{"line":42,"column":55}},"12":{"start":{"line":43,"column":17},"end":{"line":43,"column":33}},"13":{"start":{"line":45,"column":24},"end":{"line":52,"column":3}},"14":{"start":{"line":54,"column":2},"end":{"line":54,"column":27}},"15":{"start":{"line":55,"column":2},"end":{"line":55,"column":23}},"16":{"start":{"line":59,"column":2},"end":{"line":59,"column":43}},"17":{"start":{"line":62,"column":2},"end":{"line":62,"column":37}},"18":{"start":{"line":67,"column":19},"end":{"line":67,"column":51}},"19":{"start":{"line":68,"column":13},"end":{"line":68,"column":69}},"20":{"start":{"line":69,"column":15},"end":{"line":69,"column":77}},"21":{"start":{"line":70,"column":2},"end":{"line":70,"column":29}}},"fnMap":{"0":{"name":"getWeatherPromise","decl":{"start":{"line":4,"column":22},"end":{"line":4,"column":39}},"loc":{"start":{"line":4,"column":50},"end":{"line":15,"column":1}},"line":4},"1":{"name":"getWeatherData","decl":{"start":{"line":18,"column":22},"end":{"line":18,"column":36}},"loc":{"start":{"line":18,"column":47},"end":{"line":39,"column":1}},"line":18},"2":{"name":"getFutureWeatherData","decl":{"start":{"line":41,"column":22},"end":{"line":41,"column":42}},"loc":{"start":{"line":41,"column":58},"end":{"line":56,"column":1}},"line":41},"3":{"name":"fahrenheitToCelsius","decl":{"start":{"line":58,"column":16},"end":{"line":58,"column":35}},"loc":{"start":{"line":58,"column":42},"end":{"line":60,"column":1}},"line":58},"4":{"name":"milesToKm","decl":{"start":{"line":61,"column":16},"end":{"line":61,"column":25}},"loc":{"start":{"line":61,"column":33},"end":{"line":63,"column":1}},"line":61},"5":{"name":"getCurrentTime","decl":{"start":{"line":66,"column":9},"end":{"line":66,"column":23}},"loc":{"start":{"line":66,"column":34},"end":{"line":71,"column":1}},"line":66}},"branchMap":{"0":{"loc":{"start":{"line":68,"column":13},"end":{"line":68,"column":69}},"type":"cond-expr","locations":[{"start":{"line":68,"column":34},"end":{"line":68,"column":53}},{"start":{"line":68,"column":56},"end":{"line":68,"column":69}}],"line":68},"1":{"loc":{"start":{"line":69,"column":15},"end":{"line":69,"column":77}},"type":"cond-expr","locations":[{"start":{"line":69,"column":38},"end":{"line":69,"column":59}},{"start":{"line":69,"column":62},"end":{"line":69,"column":77}}],"line":69}},"s":{"0":1,"1":1,"2":1,"3":1,"4":1,"5":1,"6":0,"7":1,"8":1,"9":1,"10":1,"11":0,"12":0,"13":0,"14":0,"15":0,"16":4,"17":2,"18":1,"19":1,"20":1,"21":1},"f":{"0":1,"1":1,"2":0,"3":4,"4":2,"5":1},"b":{"0":[1,0],"1":[0,1]},"_coverageSchema":"1a1c01bbd47fc00a2c39e90264f33305004495a9","hash":"d1a7ddbffb0f7dc3710308ddec43a879d118562b"}
}
