TN:
SF:src/modules/apiCall.js
FN:4,getWeatherPromise
FN:18,getWeatherData
FN:41,getFutureWeatherData
FN:58,fahrenheitToCelsius
FN:61,milesToKm
FN:66,getCurrentTime
FNF:6
FNH:5
FNDA:1,getWeatherPromise
FNDA:1,getWeatherData
FNDA:0,getFutureWeatherData
FNDA:4,fahrenheitToCelsius
FNDA:2,milesToKm
FNDA:1,getCurrentTime
DA:1,1
DA:5,1
DA:7,1
DA:8,1
DA:9,1
DA:11,1
DA:13,0
DA:19,1
DA:20,1
DA:22,1
DA:38,1
DA:42,0
DA:43,0
DA:45,0
DA:54,0
DA:55,0
DA:59,4
DA:62,2
DA:67,1
DA:68,1
DA:69,1
DA:70,1
LF:22
LH:16
BRDA:68,0,0,1
BRDA:68,0,1,0
BRDA:69,1,0,0
BRDA:69,1,1,1
BRF:4
BRH:2
end_of_record
